2019-02-02 20:40:48,320  INFO [main] TestBase:31 - GETTING WEBSITE URL, USERNAME, PASSWORD, AND BROWSER INFO FROM CONFIG1.PROPERTIES
2019-02-02 20:40:48,320  INFO [main] TestBase:35 - GETTING SELENIUM OBJECTS FROM CONFIG2.PROPERTIES
2019-02-02 20:40:50,951  INFO [main] TestBase:60 - LAUNCHING CHROME BROWSER
2019-02-02 20:40:53,659  INFO [main] TestBase:31 - GETTING WEBSITE URL, USERNAME, PASSWORD, AND BROWSER INFO FROM CONFIG1.PROPERTIES
2019-02-02 20:40:53,660  INFO [main] TestBase:35 - GETTING SELENIUM OBJECTS FROM CONFIG2.PROPERTIES
2019-02-02 20:40:53,661  INFO [main] TestBase:31 - GETTING WEBSITE URL, USERNAME, PASSWORD, AND BROWSER INFO FROM CONFIG1.PROPERTIES
2019-02-02 20:40:53,661  INFO [main] TestBase:35 - GETTING SELENIUM OBJECTS FROM CONFIG2.PROPERTIES
2019-02-02 20:40:53,662  INFO [main] TestBase:31 - GETTING WEBSITE URL, USERNAME, PASSWORD, AND BROWSER INFO FROM CONFIG1.PROPERTIES
2019-02-02 20:40:53,663  INFO [main] TestBase:35 - GETTING SELENIUM OBJECTS FROM CONFIG2.PROPERTIES
2019-02-02 20:40:53,673  INFO [main] LoginPage:31 - ***** START TC: LOGIN INTO APPLIATION *****
2019-02-02 20:40:55,476  INFO [main] LoginPage:35 - CLICKED ON GOOGLE BUTTON
2019-02-02 20:40:55,729  INFO [main] LoginPage:39 - ENTERED USERNAME
2019-02-02 20:40:55,837  INFO [main] LoginPage:43 - CLICKED ON NEXT BUTTON
2019-02-02 20:40:57,247  INFO [main] LoginPage:47 - ENTERED ON PASSWORD
2019-02-02 20:40:57,432  INFO [main] LoginPage:51 - CLICKED ON NEXT BUTTON
2019-02-02 20:41:02,520  INFO [main] LoginPage:56 - CLICKED ON ALLOW BUTTON
2019-02-02 20:41:07,521  INFO [main] LoginPage:59 - ***** END TC: LOGIN INTO APPLIATION *****
2019-02-02 20:41:15,358  INFO [main] HomePage:124 - LOGGED IN AS TC 1 NOW
2019-02-02 20:41:23,367  INFO [main] HomePage:19 - ***** START TC: VERIFY TC DASHBOARD WIDGETS *****
2019-02-02 20:41:23,406  INFO [main] HomePage:23 - TC DASHBOARD: NOTIFICATION WIDGET IS PRESENT
2019-02-02 20:41:23,437  INFO [main] HomePage:27 - TC DASHBOARD: MY CALENDER WIDGET IS PRESENT
2019-02-02 20:41:23,469  INFO [main] HomePage:31 - TC DASHBOARD: U/C TRACKER TASKS WIDGET IS PRESENT
2019-02-02 20:41:23,500  INFO [main] HomePage:35 - TC DASHBOARD: MY TASKS WIDGET IS PRESENT
2019-02-02 20:41:23,651  INFO [main] HomePage:39 - TC DASHBOARD: CLICKED ON MY AGENTS VS OTHERS TOGGLE BUTTON
2019-02-02 20:41:23,701  INFO [main] HomePage:43 - TC DASHBOARD: ADDRESS COLUMN IS PRESENT
2019-02-02 20:41:23,739  INFO [main] HomePage:47 - TC DASHBOARD: LISTING AGENT COLUMN IS PRESENT
2019-02-02 20:41:23,771  INFO [main] HomePage:51 - TC DASHBOARD: SUBMITTED COLUMN IS PRESENT
2019-02-02 20:41:23,810  INFO [main] HomePage:55 - TC DASHBOARD: ASSIGNED TC COLUMN IS PRESENT
2019-02-02 20:41:23,843  INFO [main] HomePage:59 - TC DASHBOARD: ACTION REQUIRED COLUMN IS PRESENT
2019-02-02 20:41:23,872  INFO [main] HomePage:63 - TC DASHBOARD: PRE-LISTING SERVICES WIDGET IS PRESENT
2019-02-02 20:41:23,896  INFO [main] HomePage:67 - TC DASHBOARD: ADDRESS COLUMN IS PRESENT
2019-02-02 20:41:23,928  INFO [main] HomePage:71 - TC DASHBOARD: MARKET DATE COLUMN IS PRESENT
2019-02-02 20:41:23,959  INFO [main] HomePage:75 - TC DASHBOARD: MARKET DATE COLUMN IS PRESENT
2019-02-02 20:41:23,990  INFO [main] HomePage:79 - TC DASHBOARD: FLOORPLAN COLUMN IS PRESENT
2019-02-02 20:41:24,037  INFO [main] HomePage:83 - TC DASHBOARD: STAGING COLUMN IS PRESENT
2019-02-02 20:41:24,084  INFO [main] HomePage:87 - TC DASHBOARD: CLEANING COLUMN IS PRESENT
2019-02-02 20:41:24,216  INFO [main] HomePage:91 - TC DASHBOARD: PHOTOS COLUMN IS PRESENT
2019-02-02 20:41:24,246  INFO [main] HomePage:95 - TC DASHBOARD: SIGNES COLUMN IS PRESENT
2019-02-02 20:41:24,277  INFO [main] HomePage:99 - TC DASHBOARD: CLICKED ON PLS VS MOVE-OUT TOGGLE BUTTON
2019-02-02 20:41:24,309  INFO [main] HomePage:103 - TC DASHBOARD: MY AGENTS WIDGET IS PRESENT
2019-02-02 20:41:24,340  INFO [main] HomePage:107 - TC DASHBOARD: PRE-MARKET COLUMN IS PRESENT
2019-02-02 20:41:24,387  INFO [main] HomePage:111 - TC DASHBOARD: ON-MARKET COLUMN IS PRESENT
2019-02-02 20:41:24,413  INFO [main] HomePage:115 - TC DASHBOARD: CONTRACT COLUMN IS PRESENT
2019-02-02 20:41:24,413  INFO [main] HomePage:117 - ***** END TC: VERIFY TC DASHBOARD WIDGETS *****
2019-02-02 20:41:29,451  INFO [main] HomePage:113 - CRM BETA LINK IS PRESENT
2019-02-02 20:41:34,451  INFO [main] HomePage:49 - ***** START TC: GO TO LISTINGS > DEALS *****
2019-02-02 20:41:34,583  INFO [main] HomePage:53 - LEFT NAVBAR: CLICKED ON LISTINGS
2019-02-02 20:41:38,186  INFO [main] HomePage:57 - LEFT NAVBAR: CLICKED LISTINGS > DEALS
2019-02-02 20:41:43,199  INFO [main] HomePage:60 - ***** END TC: GO TO LISTINGS > DEALS *****
2019-02-02 20:41:48,202  INFO [main] HomePage:122 - ***** START TC: VERIFY TC LISTINGS > DEALS PAGE *****
2019-02-02 20:41:48,237  INFO [main] HomePage:126 - TC LISTINGS > DEALS: LISTING SEARCHBAR IS PRESENT
2019-02-02 20:41:48,269  INFO [main] HomePage:130 - TC LISTINGS > DEALS: LISTING STATUS DROP-DOWN All IS PRESENT
2019-02-02 20:41:48,436  INFO [main] HomePage:132 - TC LISTINGS > DEALS: CLICKED ON LISTING STATUS DROP-DOWN
2019-02-02 20:41:48,688  INFO [main] HomePage:137 - TC LISTINGS > DEALS: ENTERED Listings AS TEXT AND PRESSED ENTER
2019-02-02 20:41:53,727  INFO [main] HomePage:154 - TC LISTINGS > DEALS: DEALS COLUMN IS PRESENT
2019-02-02 20:41:53,753  INFO [main] HomePage:158 - TC LISTINGS > DEALS: ADDRESS COLUMN IS PRESENT
2019-02-02 20:41:53,784  INFO [main] HomePage:162 - TC LISTINGS > DEALS: AGENTS WITH SORT COLUMN IS PRESENT
2019-02-02 20:41:53,815  INFO [main] HomePage:166 - TC LISTINGS > DEALS: PRICE WITH SORT COLUMN IS PRESENT
2019-02-02 20:41:53,846  INFO [main] HomePage:170 - TC LISTINGS > DEALS: DIGEST COLUMN IS PRESENT
2019-02-02 20:41:53,878  INFO [main] HomePage:174 - TC LISTINGS > DEALS: MARKET DATE WITH SORT COLUMN IS PRESENT
2019-02-02 20:41:53,909  INFO [main] HomePage:178 - TC LISTINGS > DEALS: STATUS WITH SORT COLUMN IS PRESENT
2019-02-02 20:41:54,064  INFO [main] HomePage:182 - TC LISTINGS > DEALS: CLICKED ON MY DEALS VS ALL DEALS TOGGLE BUTTON
2019-02-02 20:41:59,119  INFO [main] HomePage:187 - TC LISTINGS > DEALS: TC COLUMN IS PRESENT
2019-02-02 20:41:59,120  INFO [main] HomePage:190 - ***** END TC: VERIFY TC LISTINGS > DEALS PAGE *****
